# JRE version: Java(TM) SE Runtime Environment (8.0_161-b12) (build 1.8.0_161-b12)
# Java VM: Java HotSpot(TM) 64-Bit Server VM (25.161-b12 mixed mode windows-amd64 compressed oops)
Heap:
 PSYoungGen      total 111616K, used 2868K [0x00000000eb380000, 0x00000000f3180000, 0x0000000100000000)
  eden space 95744K, 2% used [0x00000000eb380000,0x00000000eb64d080,0x00000000f1100000)
  from space 15872K, 0% used [0x00000000f2100000,0x00000000f2100000,0x00000000f3080000)
  to   space 16384K, 0% used [0x00000000f1100000,0x00000000f1100000,0x00000000f2100000)
 ParOldGen       total 97280K, used 42287K [0x00000000c1a00000, 0x00000000c7900000, 0x00000000eb380000)
  object space 97280K, 43% used [0x00000000c1a00000,0x00000000c434bce0,0x00000000c7900000)
 Metaspace       used 29725K, capacity 30500K, committed 31104K, reserved 1077248K
  class space    used 3352K, capacity 3571K, committed 3712K, reserved 1048576K
GC Heap History (10 events):
Event: 60.018 GC heap before
{Heap before GC invocations=17 (full 1):
 PSYoungGen      total 81408K, used 81406K [0x00000000eb380000, 0x00000000f2680000, 0x0000000100000000)
  eden space 70656K, 100% used [0x00000000eb380000,0x00000000ef880000,0x00000000ef880000)
  from space 10752K, 99% used [0x00000000ef880000,0x00000000f02ff978,0x00000000f0300000)
  to   space 17408K, 0% used [0x00000000f1580000,0x00000000f1580000,0x00000000f2680000)
 ParOldGen       total 48128K, used 33277K [0x00000000c1a00000, 0x00000000c4900000, 0x00000000eb380000)
  object space 48128K, 69% used [0x00000000c1a00000,0x00000000c3a7f7f0,0x00000000c4900000)
 Metaspace       used 24667K, capacity 25246K, committed 25600K, reserved 1071104K
  class space    used 2810K, capacity 2981K, committed 3072K, reserved 1048576K
Event: 60.061 GC heap after
Heap after GC invocations=17 (full 1):
 PSYoungGen      total 100864K, used 8511K [0x00000000eb380000, 0x00000000f3300000, 0x0000000100000000)
  eden space 83456K, 0% used [0x00000000eb380000,0x00000000eb380000,0x00000000f0500000)
  from space 17408K, 48% used [0x00000000f1580000,0x00000000f1dcfc58,0x00000000f2680000)
  to   space 16896K, 0% used [0x00000000f0500000,0x00000000f0500000,0x00000000f1580000)
 ParOldGen       total 48128K, used 43975K [0x00000000c1a00000, 0x00000000c4900000, 0x00000000eb380000)
  object space 48128K, 91% used [0x00000000c1a00000,0x00000000c44f1e50,0x00000000c4900000)
 Metaspace       used 24667K, capacity 25246K, committed 25600K, reserved 1071104K
  class space    used 2810K, capacity 2981K, committed 3072K, reserved 1048576K
}
Event: 60.061 GC heap before
{Heap before GC invocations=18 (full 2):
 PSYoungGen      total 100864K, used 8511K [0x00000000eb380000, 0x00000000f3300000, 0x0000000100000000)
  eden space 83456K, 0% used [0x00000000eb380000,0x00000000eb380000,0x00000000f0500000)
  from space 17408K, 48% used [0x00000000f1580000,0x00000000f1dcfc58,0x00000000f2680000)
  to   space 16896K, 0% used [0x00000000f0500000,0x00000000f0500000,0x00000000f1580000)
 ParOldGen       total 48128K, used 43975K [0x00000000c1a00000, 0x00000000c4900000, 0x00000000eb380000)
  object space 48128K, 91% used [0x00000000c1a00000,0x00000000c44f1e50,0x00000000c4900000)
 Metaspace       used 24667K, capacity 25246K, committed 25600K, reserved 1071104K
  class space    used 2810K, capacity 2981K, committed 3072K, reserved 1048576K
Event: 60.506 GC heap after
Heap after GC invocations=18 (full 2):
 PSYoungGen      total 100864K, used 2759K [0x00000000eb380000, 0x00000000f3300000, 0x0000000100000000)
  eden space 83456K, 0% used [0x00000000eb380000,0x00000000eb380000,0x00000000f0500000)
  from space 17408K, 15% used [0x00000000f1580000,0x00000000f1831d30,0x00000000f2680000)
  to   space 16896K, 0% used [0x00000000f0500000,0x00000000f0500000,0x00000000f1580000)
 ParOldGen       total 97280K, used 48025K [0x00000000c1a00000, 0x00000000c7900000, 0x00000000eb380000)
  object space 97280K, 49% used [0x00000000c1a00000,0x00000000c48e6598,0x00000000c7900000)
 Metaspace       used 24667K, capacity 25246K, committed 25600K, reserved 1071104K
  class space    used 2810K, capacity 2981K, committed 3072K, reserved 1048576K
}
Event: 75.698 GC heap before
{Heap before GC invocations=19 (full 2):
 PSYoungGen      total 100864K, used 86215K [0x00000000eb380000, 0x00000000f3300000, 0x0000000100000000)
  eden space 83456K, 100% used [0x00000000eb380000,0x00000000f0500000,0x00000000f0500000)
  from space 17408K, 15% used [0x00000000f1580000,0x00000000f1831d30,0x00000000f2680000)
  to   space 16896K, 0% used [0x00000000f0500000,0x00000000f0500000,0x00000000f1580000)
 ParOldGen       total 97280K, used 48025K [0x00000000c1a00000, 0x00000000c7900000, 0x00000000eb380000)
  object space 97280K, 49% used [0x00000000c1a00000,0x00000000c48e6598,0x00000000c7900000)
 Metaspace       used 26891K, capacity 27682K, committed 27904K, reserved 1073152K
  class space    used 3000K, capacity 3216K, committed 3328K, reserved 1048576K
Event: 75.723 GC heap after
Heap after GC invocations=19 (full 2):
 PSYoungGen      total 100352K, used 6943K [0x00000000eb380000, 0x00000000f3080000, 0x0000000100000000)
  eden space 83456K, 0% used [0x00000000eb380000,0x00000000eb380000,0x00000000f0500000)
  from space 16896K, 41% used [0x00000000f0500000,0x00000000f0bc7ec0,0x00000000f1580000)
  to   space 15872K, 0% used [0x00000000f2100000,0x00000000f2100000,0x00000000f3080000)
 ParOldGen       total 97280K, used 50395K [0x00000000c1a00000, 0x00000000c7900000, 0x00000000eb380000)
  object space 97280K, 51% used [0x00000000c1a00000,0x00000000c4b36f38,0x00000000c7900000)
 Metaspace       used 26891K, capacity 27682K, committed 27904K, reserved 1073152K
  class space    used 3000K, capacity 3216K, committed 3328K, reserved 1048576K
}
Event: 160.388 GC heap before
{Heap before GC invocations=20 (full 2):
 PSYoungGen      total 100352K, used 46924K [0x00000000eb380000, 0x00000000f3080000, 0x0000000100000000)
  eden space 83456K, 47% used [0x00000000eb380000,0x00000000eda8b498,0x00000000f0500000)
  from space 16896K, 41% used [0x00000000f0500000,0x00000000f0bc7ec0,0x00000000f1580000)
  to   space 15872K, 0% used [0x00000000f2100000,0x00000000f2100000,0x00000000f3080000)
 ParOldGen       total 97280K, used 50395K [0x00000000c1a00000, 0x00000000c7900000, 0x00000000eb380000)
  object space 97280K, 51% used [0x00000000c1a00000,0x00000000c4b36f38,0x00000000c7900000)
 Metaspace       used 30007K, capacity 30842K, committed 31104K, reserved 1077248K
  class space    used 3394K, capacity 3622K, committed 3712K, reserved 1048576K
Event: 160.412 GC heap after
Heap after GC invocations=20 (full 2):
 PSYoungGen      total 111616K, used 10265K [0x00000000eb380000, 0x00000000f3180000, 0x0000000100000000)
  eden space 95744K, 0% used [0x00000000eb380000,0x00000000eb380000,0x00000000f1100000)
  from space 15872K, 64% used [0x00000000f2100000,0x00000000f2b06560,0x00000000f3080000)
  to   space 16384K, 0% used [0x00000000f1100000,0x00000000f1100000,0x00000000f2100000)
 ParOldGen       total 97280K, used 50403K [0x00000000c1a00000, 0x00000000c7900000, 0x00000000eb380000)
  object space 97280K, 51% used [0x00000000c1a00000,0x00000000c4b38f38,0x00000000c7900000)
 Metaspace       used 30007K, capacity 30842K, committed 31104K, reserved 1077248K
  class space    used 3394K, capacity 3622K, committed 3712K, reserved 1048576K
}
Event: 160.412 GC heap before
{Heap before GC invocations=21 (full 3):
 PSYoungGen      total 111616K, used 10265K [0x00000000eb380000, 0x00000000f3180000, 0x0000000100000000)
  eden space 95744K, 0% used [0x00000000eb380000,0x00000000eb380000,0x00000000f1100000)
  from space 15872K, 64% used [0x00000000f2100000,0x00000000f2b06560,0x00000000f3080000)
  to   space 16384K, 0% used [0x00000000f1100000,0x00000000f1100000,0x00000000f2100000)
 ParOldGen       total 97280K, used 50403K [0x00000000c1a00000, 0x00000000c7900000, 0x00000000eb380000)
  object space 97280K, 51% used [0x00000000c1a00000,0x00000000c4b38f38,0x00000000c7900000)
 Metaspace       used 30007K, capacity 30842K, committed 31104K, reserved 1077248K
  class space    used 3394K, capacity 3622K, committed 3712K, reserved 1048576K
Event: 160.981 GC heap after
Heap after GC invocations=21 (full 3):
 PSYoungGen      total 111616K, used 0K [0x00000000eb380000, 0x00000000f3180000, 0x0000000100000000)
  eden space 95744K, 0% used [0x00000000eb380000,0x00000000eb380000,0x00000000f1100000)
  from space 15872K, 0% used [0x00000000f2100000,0x00000000f2100000,0x00000000f3080000)
  to   space 16384K, 0% used [0x00000000f1100000,0x00000000f1100000,0x00000000f2100000)
 ParOldGen       total 97280K, used 42287K [0x00000000c1a00000, 0x00000000c7900000, 0x00000000eb380000)
  object space 97280K, 43% used [0x00000000c1a00000,0x00000000c434bce0,0x00000000c7900000)
 Metaspace       used 29718K, capacity 30500K, committed 31104K, reserved 1077248K
  class space    used 3351K, capacity 3571K, committed 3712K, reserved 1048576K
}

